f:\d3d12app\d3d12app\d3d12app\x64\debug\vc142.pdb
f:\d3d12app\d3d12app\d3d12app\x64\debug\vc142.idb
f:\d3d12app\d3d12app\d3d12app\x64\debug\box.obj
f:\d3d12app\d3d12app\d3d12app\x64\debug\wireframe.obj
f:\d3d12app\d3d12app\d3d12app\x64\debug\sobelfilter.obj
f:\d3d12app\d3d12app\d3d12app\x64\debug\shaderresource.obj
f:\d3d12app\d3d12app\d3d12app\x64\debug\rendertarget.obj
f:\d3d12app\d3d12app\d3d12app\x64\debug\multiplyfilter.obj
f:\d3d12app\d3d12app\d3d12app\x64\debug\inversefilter.obj
f:\d3d12app\d3d12app\d3d12app\x64\debug\drawquad.obj
f:\d3d12app\d3d12app\d3d12app\x64\debug\depthcomplexityusestencil.obj
f:\d3d12app\d3d12app\d3d12app\x64\debug\depthcomplexityuseblend.obj
f:\d3d12app\d3d12app\d3d12app\x64\debug\cubemap.obj
f:\d3d12app\d3d12app\d3d12app\x64\debug\blurfilter.obj
f:\d3d12app\d3d12app\d3d12app\x64\debug\d3d12app.obj
f:\d3d12app\d3d12app\d3d12app\x64\debug\mathhelper.obj
f:\d3d12app\d3d12app\d3d12app\x64\debug\geometrygenerator.obj
f:\d3d12app\d3d12app\d3d12app\x64\debug\gametimer.obj
f:\d3d12app\d3d12app\d3d12app\x64\debug\ddstextureloader.obj
f:\d3d12app\d3d12app\d3d12app\x64\debug\d3dutil.obj
f:\d3d12app\d3d12app\d3d12app\x64\debug\d3dapp.obj
f:\d3d12app\d3d12app\d3d12app\x64\debug\camera.obj
f:\d3d12app\d3d12app\d3d12app\x64\debug\themain.obj
f:\d3d12app\d3d12app\d3d12app\x64\debug\texturemanager.obj
f:\d3d12app\d3d12app\d3d12app\x64\debug\meshmanager.obj
f:\d3d12app\d3d12app\d3d12app\x64\debug\d3d12app.tlog\cl.command.1.tlog
f:\d3d12app\d3d12app\d3d12app\x64\debug\d3d12app.tlog\cl.read.1.tlog
f:\d3d12app\d3d12app\d3d12app\x64\debug\d3d12app.tlog\cl.write.1.tlog
